<?xml version="1.0" encoding="UTF-8"?>
<coverage generated="1708994084704" clover="3.2.0">
  <project timestamp="1708994084704" name="All files">
    <metrics statements="52" coveredstatements="39" conditionals="10" coveredconditionals="6" methods="38" coveredmethods="26" elements="100" coveredelements="71" complexity="0" loc="52" ncloc="52" packages="1" files="2" classes="2"/>
    <file name="todo.js" path="/workspaces/JS130/lesson_3/todo_testing/todo.js">
      <metrics statements="13" coveredstatements="12" conditionals="2" coveredconditionals="2" methods="6" coveredmethods="5"/>
      <line num="3" count="49" type="stmt"/>
      <line num="4" count="49" type="stmt"/>
      <line num="8" count="6" type="cond" truecount="2" falsecount="0"/>
      <line num="9" count="6" type="stmt"/>
      <line num="13" count="12" type="stmt"/>
      <line num="17" count="1" type="stmt"/>
      <line num="21" count="15" type="stmt"/>
      <line num="25" count="0" type="stmt"/>
      <line num="29" count="1" type="stmt"/>
      <line num="30" count="1" type="stmt"/>
      <line num="32" count="1" type="stmt"/>
      <line num="35" count="1" type="stmt"/>
      <line num="36" count="1" type="stmt"/>
    </file>
    <file name="todolist.js" path="/workspaces/JS130/lesson_3/todo_testing/todolist.js">
      <metrics statements="39" coveredstatements="27" conditionals="8" coveredconditionals="4" methods="32" coveredmethods="21"/>
      <line num="1" count="1" type="stmt"/>
      <line num="5" count="16" type="stmt"/>
      <line num="6" count="16" type="stmt"/>
      <line num="10" count="50" type="cond" truecount="2" falsecount="0"/>
      <line num="11" count="2" type="stmt"/>
      <line num="14" count="48" type="stmt"/>
      <line num="18" count="2" type="stmt"/>
      <line num="22" count="2" type="stmt"/>
      <line num="26" count="1" type="stmt"/>
      <line num="30" count="8" type="stmt"/>
      <line num="31" count="5" type="stmt"/>
      <line num="35" count="3" type="stmt"/>
      <line num="39" count="2" type="stmt"/>
      <line num="43" count="3" type="stmt"/>
      <line num="47" count="1" type="stmt"/>
      <line num="51" count="1" type="stmt"/>
      <line num="55" count="2" type="stmt"/>
      <line num="56" count="1" type="stmt"/>
      <line num="60" count="2" type="stmt"/>
      <line num="61" count="6" type="stmt"/>
      <line num="62" count="2" type="stmt"/>
      <line num="66" count="9" type="stmt"/>
      <line num="70" count="0" type="stmt"/>
      <line num="71" count="0" type="stmt"/>
      <line num="72" count="0" type="cond" truecount="0" falsecount="2"/>
      <line num="73" count="0" type="stmt"/>
      <line num="77" count="0" type="stmt"/>
      <line num="81" count="0" type="stmt"/>
      <line num="85" count="0" type="stmt"/>
      <line num="89" count="0" type="stmt"/>
      <line num="93" count="0" type="stmt"/>
      <line num="94" count="0" type="cond" truecount="0" falsecount="2"/>
      <line num="95" count="0" type="stmt"/>
      <line num="100" count="6" type="stmt"/>
      <line num="104" count="0" type="stmt"/>
      <line num="108" count="3" type="stmt"/>
      <line num="112" count="10" type="cond" truecount="2" falsecount="0"/>
      <line num="113" count="4" type="stmt"/>
      <line num="118" count="1" type="stmt"/>
    </file>
  </project>
</coverage>
